<?xml version="1.0" encoding="UTF-8"?>
<!-- Generated by org.testng.reporters.JUnitXMLReporter -->
<testsuite ignored="0" hostname="SMTC-R-0157" failures="0" tests="21" name="Default test" time="120.612" errors="0" timestamp="2023-04-13T11:54:51 IST">
  <testcase classname="freamwork_design_scripts_TestCase.Opening_Testcasepage_to_login" name="openLogin" time="3.805"/>
  <testcase classname="freamwork_design_scripts.Do_Registration_logout" name="openloginpager" time="7.041"/>
  <testcase classname="freamwork_design_scripts_TestCase.Opening_Testcasepage_to_home" name="openingHome" time="2.512"/>
  <testcase classname="freamwork_design_scripts_Registration.Opening_registration_to_testcase" name="opentestcase" time="2.536"/>
  <testcase classname="freamwork_design_scripts_Loginpage.Opening_TestCasePage_from_loginpage" name="opentestcasepager" time="2.571"/>
  <testcase classname="freamwork_design_scripts_Registration.Opening_Registrationpage_to_home" name="openingHome" time="2.465"/>
  <testcase classname="freamwork_design_scripts.Opening_DashboardPage" name="opendashboard" time="2.335"/>
  <testcase classname="freamwork_design_scripts_Dashboard.Opening_Dashboard_to_Register" name="openRegister" time="2.518"/>
  <testcase classname="freamwork_design_scripts_Loginpage.Opening_RegisterPage_from_loginpage" name="openregisterpager" time="2.475"/>
  <testcase classname="freamwork_design_scripts.Opening_LoginPage" name="openloginpager" time="2.322"/>
  <testcase classname="freamwork_design_scripts_Registration.Opening_RegisterPage_to_dashboard" name="openDashboard" time="2.468"/>
  <testcase classname="freamwork_design_scripts_TestCase.Opening_TestcasePage_to_dashboard" name="openDashboard" time="2.484"/>
  <testcase classname="freamwork_design_scripts_TestCase.Opening_Testcasepage_to_Register" name="openRegister" time="2.469"/>
  <testcase classname="freamwork_design_scripts_Dashboard.Opening_Dashboard_to_testcase" name="opentestcase" time="2.559"/>
  <testcase classname="freamwork_design_scripts_Dashboard.Opening_dashboard_to_login" name="openLogin" time="2.497"/>
  <testcase classname="freamwork_design_scripts_Loginpage.Opening_homepage_from_loginpage" name="openhomepage" time="2.424"/>
  <testcase classname="freamwork_design_scripts.Opening_RegisterPage" name="openregisterpager" time="2.307"/>
  <testcase classname="freamwork_design_scripts_Loginpage.Opening_DashboardPage_from_loginpage" name="loginToDashboard" time="2.498"/>
  <testcase classname="freamwork_design_scripts_Dashboard.Opening_Dashboardpage_to_home" name="openingHome" time="2.452"/>
  <testcase classname="freamwork_design_scripts.Opening_TestCasePage" name="openloginpager" time="2.347"/>
  <testcase classname="freamwork_design_scripts_Registration.Opening_registrationpage_to_login" name="openLogin" time="2.47"/>
</testsuite> <!-- Default test -->
