<?xml version="1.0" encoding="UTF-8"?>
<!-- Generated by org.testng.reporters.JUnitXMLReporter -->
<testsuite ignored="0" hostname="SMTC-R-0157" failures="0" tests="21" name="Test" time="116.268" errors="0" timestamp="2023-04-13T12:00:28 IST">
  <testcase classname="freamwork_design_scripts.Opening_LoginPage" name="openloginpager" time="3.593"/>
  <testcase classname="freamwork_design_scripts_Dashboard.Opening_Dashboard_to_Register" name="openRegister" time="2.555"/>
  <testcase classname="freamwork_design_scripts_Registration.Opening_Registrationpage_to_home" name="openingHome" time="2.46"/>
  <testcase classname="freamwork_design_scripts_Loginpage.Opening_TestCasePage_from_loginpage" name="opentestcasepager" time="2.602"/>
  <testcase classname="freamwork_design_scripts_Loginpage.Opening_homepage_from_loginpage" name="openhomepage" time="2.443"/>
  <testcase classname="freamwork_design_scripts_Loginpage.Opening_RegisterPage_from_loginpage" name="openregisterpager" time="2.514"/>
  <testcase classname="freamwork_design_scripts_Dashboard.Opening_Dashboardpage_to_home" name="openingHome" time="2.481"/>
  <testcase classname="freamwork_design_scripts_TestCase.Opening_TestcasePage_to_dashboard" name="openDashboard" time="2.56"/>
  <testcase classname="freamwork_design_scripts_Registration.Opening_RegisterPage_to_dashboard" name="openDashboard" time="2.481"/>
  <testcase classname="freamwork_design_scripts_TestCase.Opening_Testcasepage_to_login" name="openLogin" time="2.533"/>
  <testcase classname="freamwork_design_scripts_Dashboard.Opening_Dashboard_to_testcase" name="opentestcase" time="2.539"/>
  <testcase classname="freamwork_design_scripts_Dashboard.Opening_dashboard_to_login" name="openLogin" time="2.482"/>
  <testcase classname="freamwork_design_scripts_TestCase.Opening_Testcasepage_to_Register" name="openRegister" time="2.589"/>
  <testcase classname="freamwork_design_scripts_Registration.Opening_registrationpage_to_login" name="openLogin" time="2.465"/>
  <testcase classname="freamwork_design_scripts_Registration.Opening_registration_to_testcase" name="opentestcase" time="2.492"/>
  <testcase classname="freamwork_design_scripts.Do_Registration_logout" name="openloginpager" time="6.919"/>
  <testcase classname="freamwork_design_scripts.Opening_RegisterPage" name="openregisterpager" time="2.297"/>
  <testcase classname="freamwork_design_scripts.Opening_TestCasePage" name="openloginpager" time="2.368"/>
  <testcase classname="freamwork_design_scripts.Opening_DashboardPage" name="opendashboard" time="2.283"/>
  <testcase classname="freamwork_design_scripts_Loginpage.Opening_DashboardPage_from_loginpage" name="loginToDashboard" time="2.487"/>
  <testcase classname="freamwork_design_scripts_TestCase.Opening_Testcasepage_to_home" name="openingHome" time="2.481"/>
</testsuite> <!-- Test -->
