<?xml version="1.0" encoding="UTF-8"?>
<!-- Generated by org.testng.reporters.JUnitXMLReporter -->
<testsuite ignored="0" hostname="SMTC-R-0157" failures="0" tests="21" name="Test" time="134.371" errors="0" timestamp="2023-04-13T15:28:39 IST">
  <testcase classname="freamwork_design_scripts.Opening_LoginPage" name="openloginpager" time="3.004"/>
  <testcase classname="freamwork_design_scripts_Dashboard.Opening_Dashboard_to_Register" name="openRegister" time="2.559"/>
  <testcase classname="freamwork_design_scripts_Registration.Opening_Registrationpage_to_home" name="openingHome" time="2.459"/>
  <testcase classname="freamwork_design_scripts_Loginpage.Opening_TestCasePage_from_loginpage" name="opentestcasepager" time="2.566"/>
  <testcase classname="freamwork_design_scripts_Loginpage.Opening_homepage_from_loginpage" name="openhomepage" time="2.471"/>
  <testcase classname="freamwork_design_scripts_Loginpage.Opening_RegisterPage_from_loginpage" name="openregisterpager" time="6.759"/>
  <testcase classname="freamwork_design_scripts_Dashboard.Opening_Dashboardpage_to_home" name="openingHome" time="2.444"/>
  <testcase classname="freamwork_design_scripts_TestCase.Opening_TestcasePage_to_dashboard" name="openDashboard" time="2.581"/>
  <testcase classname="freamwork_design_scripts_Registration.Opening_RegisterPage_to_dashboard" name="openDashboard" time="2.508"/>
  <testcase classname="freamwork_design_scripts_TestCase.Opening_Testcasepage_to_login" name="openLogin" time="2.534"/>
  <testcase classname="freamwork_design_scripts_Dashboard.Opening_Dashboard_to_testcase" name="opentestcase" time="2.595"/>
  <testcase classname="freamwork_design_scripts_Dashboard.Opening_dashboard_to_login" name="openLogin" time="2.505"/>
  <testcase classname="freamwork_design_scripts_TestCase.Opening_Testcasepage_to_Register" name="openRegister" time="2.549"/>
  <testcase classname="freamwork_design_scripts_Registration.Opening_registrationpage_to_login" name="openLogin" time="2.453"/>
  <testcase classname="freamwork_design_scripts_Registration.Opening_registration_to_testcase" name="opentestcase" time="2.472"/>
  <testcase classname="freamwork_design_scripts.Opening_RegisterPage" name="openregisterpager" time="2.271"/>
  <testcase classname="freamwork_design_scripts.Opening_TestCasePage" name="openloginpager" time="2.327"/>
  <testcase classname="freamwork_design_scripts_System_Test_Cases.Do_Registration_logout" name="openloginpager" time="28.978"/>
  <testcase classname="freamwork_design_scripts.Opening_DashboardPage" name="opendashboard" time="2.294"/>
  <testcase classname="freamwork_design_scripts_Loginpage.Opening_DashboardPage_from_loginpage" name="loginToDashboard" time="2.47"/>
  <testcase classname="freamwork_design_scripts_TestCase.Opening_Testcasepage_to_home" name="openingHome" time="2.469"/>
</testsuite> <!-- Test -->
