<?xml version="1.0" encoding="UTF-8"?>
<testng-results ignored="0" total="1" passed="1" failed="0" skipped="0">
  <reporter-output>
    <line>
      <![CDATA[Title Match Successfully!!!]]>
    </line>
    <line>
      <![CDATA[URL Match Successfully!!!]]>
    </line>
  </reporter-output>
  <suite started-at="2023-04-20T11:18:27 IST" name="Default suite" finished-at="2023-04-20T11:18:51 IST" duration-ms="23886">
    <groups>
    </groups>
    <test started-at="2023-04-20T11:18:27 IST" name="Default test" finished-at="2023-04-20T11:18:51 IST" duration-ms="23886">
      <class name="freamwork_design_scripts.Opening_LoginPage">
        <test-method is-config="true" signature="openapplication()[pri:0, instance:freamwork_design_scripts.Opening_LoginPage@7c729a55]" started-at="2023-04-20T11:18:27 IST" name="openapplication" finished-at="2023-04-20T11:18:46 IST" duration-ms="19433" status="PASS">
          <reporter-output>
          </reporter-output>
        </test-method> <!-- openapplication -->
        <test-method signature="openloginpager()[pri:0, instance:freamwork_design_scripts.Opening_LoginPage@7c729a55]" started-at="2023-04-20T11:18:46 IST" name="openloginpager" finished-at="2023-04-20T11:18:51 IST" duration-ms="4108" status="PASS">
          <reporter-output>
            <line>
              <![CDATA[Title Match Successfully!!!]]>
            </line>
            <line>
              <![CDATA[URL Match Successfully!!!]]>
            </line>
          </reporter-output>
        </test-method> <!-- openloginpager -->
        <test-method is-config="true" signature="closeapplication()[pri:0, instance:freamwork_design_scripts.Opening_LoginPage@7c729a55]" started-at="2023-04-20T11:18:51 IST" name="closeapplication" finished-at="2023-04-20T11:18:51 IST" duration-ms="285" status="PASS">
          <reporter-output>
          </reporter-output>
        </test-method> <!-- closeapplication -->
      </class> <!-- freamwork_design_scripts.Opening_LoginPage -->
    </test> <!-- Default test -->
  </suite> <!-- Default suite -->
</testng-results>
